<?xml version="1.0" encoding="UTF-8"?>
<testng-results ignored="0" total="1" passed="1" failed="0" skipped="0">
  <reporter-output>
  </reporter-output>
  <suite started-at="2022-11-19T13:43:46 EST" name="Default suite" finished-at="2022-11-19T13:44:27 EST" duration-ms="41487">
    <groups>
    </groups>
    <test started-at="2022-11-19T13:43:46 EST" name="Default test" finished-at="2022-11-19T13:44:27 EST" duration-ms="41487">
      <class name="Tests.searchBoxTest">
        <test-method is-config="true" signature="getDriver()[pri:0, instance:Tests.searchBoxTest@c430e6c]" started-at="2022-11-19T13:43:46 EST" name="getDriver" finished-at="2022-11-19T13:44:05 EST" duration-ms="19081" status="PASS">
          <reporter-output>
          </reporter-output>
        </test-method> <!-- getDriver -->
        <test-method signature="searchBoxHappyPath()[pri:0, instance:Tests.searchBoxTest@c430e6c]" started-at="2022-11-19T13:44:05 EST" name="searchBoxHappyPath" finished-at="2022-11-19T13:44:26 EST" duration-ms="21534" status="PASS">
          <reporter-output>
          </reporter-output>
        </test-method> <!-- searchBoxHappyPath -->
        <test-method is-config="true" signature="tearDown()[pri:0, instance:Tests.searchBoxTest@c430e6c]" started-at="2022-11-19T13:44:26 EST" name="tearDown" finished-at="2022-11-19T13:44:27 EST" duration-ms="730" status="PASS">
          <reporter-output>
          </reporter-output>
        </test-method> <!-- tearDown -->
      </class> <!-- Tests.searchBoxTest -->
    </test> <!-- Default test -->
  </suite> <!-- Default suite -->
</testng-results>
